<?xml version="1.0" encoding="UTF-8"?>
<!-- Generated by org.testng.reporters.JUnitXMLReporter -->
<testsuite hostname="Gate6-70" name="Default test" tests="6" failures="0" timestamp="15 Nov 2017 13:29:19 GMT" time="89.222" errors="0">
  <testcase name="doLogin" time="23.623" classname="sprint5.PlayRandomTalkTest"/>
  <testcase name="startPlayingLibraryFromTheSelectedTalks" time="6.555" classname="sprint5.PlayRandomTalkTest"/>
  <testcase name="shufflePlayLibraryFromTheSelectedSpeaker" time="10.445" classname="sprint5.PlayRandomTalkTest"/>
  <testcase name="startPlayingSingleTalkLibraryFromTheSelectedSpeaker" time="7.44" classname="sprint5.PlayRandomTalkTest"/>
  <testcase name="PlaySingleTalkOnClickOnSongFromLibraryFromTheSelectedSpekerTalk" time="6.906" classname="sprint5.PlayRandomTalkTest"/>
  <testcase name="PlaySingleTalkOnClickOnSongFromLibraryFromTheSelectedTalk" time="9.377" classname="sprint5.PlayRandomTalkTest"/>
</testsuite> <!-- Default test -->
